c:\users\mlnba\desktop\apnet\code\code\trafficcapture\trafficcapture\debug\vc143.pdb
c:\users\mlnba\desktop\apnet\code\code\trafficcapture\trafficcapture\debug\vc143.idb
c:\users\mlnba\desktop\apnet\code\code\trafficcapture\trafficcapture\debug\main.obj
c:\users\mlnba\desktop\apnet\code\code\trafficcapture\trafficcapture\debug\traffic.obj
e:\工业互联网\sketch\trafficcapture\trafficcapture\debug\vc143.pdb
e:\工业互联网\sketch\trafficcapture\trafficcapture\debug\vc143.idb
e:\工业互联网\sketch\trafficcapture\trafficcapture\debug\main.obj
e:\工业互联网\sketch\trafficcapture\trafficcapture\debug\traffic.obj
c:\users\mlnba\desktop\apnet\code\code\trafficcapture\debug\trafficcapture.exe
c:\users\mlnba\desktop\apnet\code\code\trafficcapture\trafficcapture\debug\trafficcapture.ilk
c:\users\mlnba\desktop\apnet\code\code\trafficcapture\debug\trafficcapture.pdb
e:\工业互联网\sketch\trafficcapture\debug\trafficcapture.pdb
e:\工业互联网\sketch\trafficcapture\trafficcapture\debug\trafficcapture.tlog\cl.command.1.tlog
e:\工业互联网\sketch\trafficcapture\trafficcapture\debug\trafficcapture.tlog\cl.read.1.tlog
e:\工业互联网\sketch\trafficcapture\trafficcapture\debug\trafficcapture.tlog\cl.write.1.tlog
e:\工业互联网\sketch\trafficcapture\trafficcapture\debug\trafficcapture.tlog\link-cvtres.read.1.tlog
e:\工业互联网\sketch\trafficcapture\trafficcapture\debug\trafficcapture.tlog\link-cvtres.write.1.tlog
e:\工业互联网\sketch\trafficcapture\trafficcapture\debug\trafficcapture.tlog\link-rc.read.1.tlog
e:\工业互联网\sketch\trafficcapture\trafficcapture\debug\trafficcapture.tlog\link-rc.write.1.tlog
e:\工业互联网\sketch\trafficcapture\trafficcapture\debug\trafficcapture.tlog\link.23704-cvtres.read.1.tlog
e:\工业互联网\sketch\trafficcapture\trafficcapture\debug\trafficcapture.tlog\link.23704-cvtres.write.1.tlog
e:\工业互联网\sketch\trafficcapture\trafficcapture\debug\trafficcapture.tlog\link.23704-rc.read.1.tlog
e:\工业互联网\sketch\trafficcapture\trafficcapture\debug\trafficcapture.tlog\link.23704-rc.write.1.tlog
e:\工业互联网\sketch\trafficcapture\trafficcapture\debug\trafficcapture.tlog\link.23704.read.1.tlog
e:\工业互联网\sketch\trafficcapture\trafficcapture\debug\trafficcapture.tlog\link.23704.write.1.tlog
e:\工业互联网\sketch\trafficcapture\trafficcapture\debug\trafficcapture.tlog\link.command.1.tlog
e:\工业互联网\sketch\trafficcapture\trafficcapture\debug\trafficcapture.tlog\link.read.1.tlog
e:\工业互联网\sketch\trafficcapture\trafficcapture\debug\trafficcapture.tlog\link.write.1.tlog
